# JRE version: Java(TM) SE Runtime Environment (8.0_151-b12) (build 1.8.0_151-b12)
# Java VM: Java HotSpot(TM) 64-Bit Server VM (25.151-b12 mixed mode windows-amd64 compressed oops)
Heap:
 PSYoungGen      total 214528K, used 185087K [0x00000000d6300000, 0x00000000e5080000, 0x0000000100000000)
  eden space 199168K, 85% used [0x00000000d6300000,0x00000000e08c4178,0x00000000e2580000)
  from space 15360K, 99% used [0x00000000e4180000,0x00000000e507bda8,0x00000000e5080000)
  to   space 17408K, 0% used [0x00000000e2e80000,0x00000000e2e80000,0x00000000e3f80000)
 ParOldGen       total 96256K, used 21807K [0x0000000082800000, 0x0000000088600000, 0x00000000d6300000)
  object space 96256K, 22% used [0x0000000082800000,0x0000000083d4bf20,0x0000000088600000)
 Metaspace       used 54809K, capacity 57204K, committed 57472K, reserved 1099776K
  class space    used 7333K, capacity 7775K, committed 7808K, reserved 1048576K
GC Heap History (10 events):
Event: 3.050 GC heap before
{Heap before GC invocations=8 (full 1):
 PSYoungGen      total 112640K, used 112135K [0x00000000d6300000, 0x00000000df380000, 0x0000000100000000)
  eden space 104448K, 100% used [0x00000000d6300000,0x00000000dc900000,0x00000000dc900000)
  from space 8192K, 93% used [0x00000000deb80000,0x00000000df301c58,0x00000000df380000)
  to   space 9216K, 0% used [0x00000000de180000,0x00000000de180000,0x00000000dea80000)
 ParOldGen       total 54784K, used 6718K [0x0000000082800000, 0x0000000085d80000, 0x00000000d6300000)
  object space 54784K, 12% used [0x0000000082800000,0x0000000082e8f958,0x0000000085d80000)
 Metaspace       used 26368K, capacity 27424K, committed 27648K, reserved 1073152K
  class space    used 3606K, capacity 3820K, committed 3840K, reserved 1048576K
Event: 3.059 GC heap after
Heap after GC invocations=8 (full 1):
 PSYoungGen      total 138752K, used 9184K [0x00000000d6300000, 0x00000000e1880000, 0x0000000100000000)
  eden space 129536K, 0% used [0x00000000d6300000,0x00000000d6300000,0x00000000de180000)
  from space 9216K, 99% used [0x00000000de180000,0x00000000dea780c0,0x00000000dea80000)
  to   space 11776K, 0% used [0x00000000e0d00000,0x00000000e0d00000,0x00000000e1880000)
 ParOldGen       total 54784K, used 9378K [0x0000000082800000, 0x0000000085d80000, 0x00000000d6300000)
  object space 54784K, 17% used [0x0000000082800000,0x0000000083128870,0x0000000085d80000)
 Metaspace       used 26368K, capacity 27424K, committed 27648K, reserved 1073152K
  class space    used 3606K, capacity 3820K, committed 3840K, reserved 1048576K
}
Event: 3.711 GC heap before
{Heap before GC invocations=9 (full 1):
 PSYoungGen      total 138752K, used 138720K [0x00000000d6300000, 0x00000000e1880000, 0x0000000100000000)
  eden space 129536K, 100% used [0x00000000d6300000,0x00000000de180000,0x00000000de180000)
  from space 9216K, 99% used [0x00000000de180000,0x00000000dea780c0,0x00000000dea80000)
  to   space 11776K, 0% used [0x00000000e0d00000,0x00000000e0d00000,0x00000000e1880000)
 ParOldGen       total 54784K, used 9378K [0x0000000082800000, 0x0000000085d80000, 0x00000000d6300000)
  object space 54784K, 17% used [0x0000000082800000,0x0000000083128870,0x0000000085d80000)
 Metaspace       used 29692K, capacity 31140K, committed 31232K, reserved 1077248K
  class space    used 4046K, capacity 4330K, committed 4352K, reserved 1048576K
Event: 3.728 GC heap after
Heap after GC invocations=9 (full 1):
 PSYoungGen      total 171008K, used 11747K [0x00000000d6300000, 0x00000000e4380000, 0x0000000100000000)
  eden space 159232K, 0% used [0x00000000d6300000,0x00000000d6300000,0x00000000dfe80000)
  from space 11776K, 99% used [0x00000000e0d00000,0x00000000e1878d68,0x00000000e1880000)
  to   space 14848K, 0% used [0x00000000dfe80000,0x00000000dfe80000,0x00000000e0d00000)
 ParOldGen       total 54784K, used 12347K [0x0000000082800000, 0x0000000085d80000, 0x00000000d6300000)
  object space 54784K, 22% used [0x0000000082800000,0x000000008340ec30,0x0000000085d80000)
 Metaspace       used 29692K, capacity 31140K, committed 31232K, reserved 1077248K
  class space    used 4046K, capacity 4330K, committed 4352K, reserved 1048576K
}
Event: 4.133 GC heap before
{Heap before GC invocations=10 (full 1):
 PSYoungGen      total 171008K, used 54083K [0x00000000d6300000, 0x00000000e4380000, 0x0000000100000000)
  eden space 159232K, 26% used [0x00000000d6300000,0x00000000d8c580a8,0x00000000dfe80000)
  from space 11776K, 99% used [0x00000000e0d00000,0x00000000e1878d68,0x00000000e1880000)
  to   space 14848K, 0% used [0x00000000dfe80000,0x00000000dfe80000,0x00000000e0d00000)
 ParOldGen       total 54784K, used 12347K [0x0000000082800000, 0x0000000085d80000, 0x00000000d6300000)
  object space 54784K, 22% used [0x0000000082800000,0x000000008340ec30,0x0000000085d80000)
 Metaspace       used 33974K, capacity 35406K, committed 35496K, reserved 1079296K
  class space    used 4540K, capacity 4831K, committed 4864K, reserved 1048576K
Event: 4.147 GC heap after
Heap after GC invocations=10 (full 1):
 PSYoungGen      total 174080K, used 11063K [0x00000000d6300000, 0x00000000e5080000, 0x0000000100000000)
  eden space 159232K, 0% used [0x00000000d6300000,0x00000000d6300000,0x00000000dfe80000)
  from space 14848K, 74% used [0x00000000dfe80000,0x00000000e094dd18,0x00000000e0d00000)
  to   space 15360K, 0% used [0x00000000e4180000,0x00000000e4180000,0x00000000e5080000)
 ParOldGen       total 54784K, used 17616K [0x0000000082800000, 0x0000000085d80000, 0x00000000d6300000)
  object space 54784K, 32% used [0x0000000082800000,0x00000000839341b8,0x0000000085d80000)
 Metaspace       used 33974K, capacity 35406K, committed 35496K, reserved 1079296K
  class space    used 4540K, capacity 4831K, committed 4864K, reserved 1048576K
}
Event: 4.147 GC heap before
{Heap before GC invocations=11 (full 2):
 PSYoungGen      total 174080K, used 11063K [0x00000000d6300000, 0x00000000e5080000, 0x0000000100000000)
  eden space 159232K, 0% used [0x00000000d6300000,0x00000000d6300000,0x00000000dfe80000)
  from space 14848K, 74% used [0x00000000dfe80000,0x00000000e094dd18,0x00000000e0d00000)
  to   space 15360K, 0% used [0x00000000e4180000,0x00000000e4180000,0x00000000e5080000)
 ParOldGen       total 54784K, used 17616K [0x0000000082800000, 0x0000000085d80000, 0x00000000d6300000)
  object space 54784K, 32% used [0x0000000082800000,0x00000000839341b8,0x0000000085d80000)
 Metaspace       used 33974K, capacity 35406K, committed 35496K, reserved 1079296K
  class space    used 4540K, capacity 4831K, committed 4864K, reserved 1048576K
Event: 4.253 GC heap after
Heap after GC invocations=11 (full 2):
 PSYoungGen      total 174080K, used 0K [0x00000000d6300000, 0x00000000e5080000, 0x0000000100000000)
  eden space 159232K, 0% used [0x00000000d6300000,0x00000000d6300000,0x00000000dfe80000)
  from space 14848K, 0% used [0x00000000dfe80000,0x00000000dfe80000,0x00000000e0d00000)
  to   space 15360K, 0% used [0x00000000e4180000,0x00000000e4180000,0x00000000e5080000)
 ParOldGen       total 96256K, used 21202K [0x0000000082800000, 0x0000000088600000, 0x00000000d6300000)
  object space 96256K, 22% used [0x0000000082800000,0x0000000083cb4800,0x0000000088600000)
 Metaspace       used 33974K, capacity 35406K, committed 35496K, reserved 1079296K
  class space    used 4540K, capacity 4831K, committed 4864K, reserved 1048576K
}
Event: 5.612 GC heap before
{Heap before GC invocations=12 (full 2):
 PSYoungGen      total 174080K, used 159232K [0x00000000d6300000, 0x00000000e5080000, 0x0000000100000000)
  eden space 159232K, 100% used [0x00000000d6300000,0x00000000dfe80000,0x00000000dfe80000)
  from space 14848K, 0% used [0x00000000dfe80000,0x00000000dfe80000,0x00000000e0d00000)
  to   space 15360K, 0% used [0x00000000e4180000,0x00000000e4180000,0x00000000e5080000)
 ParOldGen       total 96256K, used 21202K [0x0000000082800000, 0x0000000088600000, 0x00000000d6300000)
  object space 96256K, 22% used [0x0000000082800000,0x0000000083cb4800,0x0000000088600000)
 Metaspace       used 45800K, capacity 47858K, committed 48128K, reserved 1091584K
  class space    used 6229K, capacity 6605K, committed 6656K, reserved 1048576K
Event: 5.629 GC heap after
Heap after GC invocations=12 (full 2):
 PSYoungGen      total 214528K, used 15343K [0x00000000d6300000, 0x00000000e5080000, 0x0000000100000000)
  eden space 199168K, 0% used [0x00000000d6300000,0x00000000d6300000,0x00000000e2580000)
  from space 15360K, 99% used [0x00000000e4180000,0x00000000e507bda8,0x00000000e5080000)
  to   space 17408K, 0% used [0x00000000e2e80000,0x00000000e2e80000,0x00000000e3f80000)
 ParOldGen       total 96256K, used 21807K [0x0000000082800000, 0x0000000088600000, 0x00000000d6300000)
  object space 96256K, 22% used [0x0000000082800000,0x0000000083d4bf20,0x0000000088600000)
 Metaspace       used 45800K, capacity 47858K, committed 48128K, reserved 1091584K
  class space    used 6229K, capacity 6605K, committed 6656K, reserved 1048576K
}

